<?xml version="1.0" encoding="UTF-8"?>
<!-- Generated by org.testng.reporters.JUnitXMLReporter -->
<testsuite ignored="0" hostname="DESKTOP-5TIN9F6" failures="1" tests="3" name="errorvalidationtest" time="40.062" errors="0" timestamp="2026-08-03T21:29:21 IST">
  <testcase classname="Sumithaacademy.ErrorValidations" name="LoginErrorValidations" time="1.563">
    <skipped/>
  </testcase> <!-- LoginErrorValidations -->
  <testcase classname="Sumithaacademy.ErrorValidations" name="LoginErrorValidations" time="0.958">
    <failure type="java.lang.AssertionError" message="expected [Login Successfully] but found [Incorrect email or password.]">
      <![CDATA[java.lang.AssertionError: expected [Login Successfully] but found [Incorrect email or password.]
at Sumithaacademy.ErrorValidations.LoginErrorValidations(ErrorValidations.java:33)
at java.base/java.util.ArrayList.forEach(ArrayList.java:1604)
... Removed 35 stack frames]]>
    </failure>
  </testcase> <!-- LoginErrorValidations -->
  <testcase classname="Sumithaacademy.ErrorValidations" name="ProductErrorValidations" time="23.775"/>
</testsuite> <!-- errorvalidationtest -->
