<?xml version="1.0" encoding="UTF-8"?>
<!-- Generated by org.testng.reporters.JUnitXMLReporter -->
<testsuite ignored="0" hostname="DESKTOP-5TIN9F6" failures="0" tests="3" name="Submitordertest" time="69.538" errors="0" timestamp="2026-08-03T21:28:41 IST">
  <testcase classname="Sumithaacademy.SubmitOrderTest" name="submitOrder" time="25.445"/>
  <testcase classname="Sumithaacademy.SubmitOrderTest" name="submitOrder" time="24.718"/>
  <testcase classname="Sumithaacademy.SubmitOrderTest" name="OrderHistoryTest" time="1.659"/>
</testsuite> <!-- Submitordertest -->
