<?xml version="1.0" encoding="UTF-8"?>
<!-- Generated by org.testng.reporters.JUnitReportReporter -->
<testsuite hostname="DESKTOP-5TIN9F6" failures="0" tests="3" name="Sumithaacademy.SubmitOrderTest" time="68.981" errors="0" timestamp="2026-08-03T21:29:21 IST" skipped="0">
  <testcase classname="Sumithaacademy.SubmitOrderTest" name="submitOrder" time="32.030"/>
  <testcase classname="Sumithaacademy.SubmitOrderTest" name="submitOrder" time="30.354"/>
  <testcase classname="Sumithaacademy.SubmitOrderTest" name="OrderHistoryTest" time="6.597"/>
</testsuite> <!-- Sumithaacademy.SubmitOrderTest -->
